[2025-12-07T13:11:05.400+0000] {manager.py:470} INFO - Processing files using up to 2 processes at a time 
[2025-12-07T13:11:05.401+0000] {manager.py:471} INFO - Process each file at most once every 30 seconds
[2025-12-07T13:11:05.402+0000] {manager.py:472} INFO - Checking for new files in /opt/airflow/dags every 300 seconds
[2025-12-07T13:11:05.402+0000] {manager.py:737} INFO - Searching for files in /opt/airflow/dags
[2025-12-07T13:11:05.405+0000] {manager.py:740} INFO - There are 0 files in /opt/airflow/dags
[2025-12-07T13:16:06.390+0000] {manager.py:737} INFO - Searching for files in /opt/airflow/dags
[2025-12-07T13:16:06.395+0000] {manager.py:740} INFO - There are 0 files in /opt/airflow/dags
[2025-12-07T13:21:07.359+0000] {manager.py:737} INFO - Searching for files in /opt/airflow/dags
[2025-12-07T13:21:07.364+0000] {manager.py:740} INFO - There are 0 files in /opt/airflow/dags
[2025-12-07T13:26:08.330+0000] {manager.py:737} INFO - Searching for files in /opt/airflow/dags
[2025-12-07T13:26:08.337+0000] {manager.py:740} INFO - There are 1 files in /opt/airflow/dags
[2025-12-07T13:26:08.381+0000] {manager.py:878} INFO - 
================================================================================
DAG File Processing Stats

File Path                                   PID  Runtime      # DAGs    # Errors  Last Runtime    Last Run
----------------------------------------  -----  ---------  --------  ----------  --------------  ----------
/opt/airflow/dags/database_insert_dag.py    238  0.00s             0           0
================================================================================
[2025-12-07T13:26:38.464+0000] {manager.py:878} INFO - 
================================================================================
DAG File Processing Stats

File Path                                 PID    Runtime      # DAGs    # Errors  Last Runtime    Last Run
----------------------------------------  -----  ---------  --------  ----------  --------------  -------------------
/opt/airflow/dags/database_insert_dag.py                           1           0  0.40s           2025-12-07T13:26:26
================================================================================
[2025-12-07T13:27:08.573+0000] {manager.py:878} INFO - 
================================================================================
DAG File Processing Stats

File Path                                 PID    Runtime      # DAGs    # Errors  Last Runtime    Last Run
----------------------------------------  -----  ---------  --------  ----------  --------------  -------------------
/opt/airflow/dags/database_insert_dag.py                           1           0  0.29s           2025-12-07T13:26:56
================================================================================
[2025-12-07T13:27:38.957+0000] {manager.py:878} INFO - 
================================================================================
DAG File Processing Stats

File Path                                 PID    Runtime      # DAGs    # Errors  Last Runtime    Last Run
----------------------------------------  -----  ---------  --------  ----------  --------------  -------------------
/opt/airflow/dags/database_insert_dag.py                           1           0  0.29s           2025-12-07T13:27:27
================================================================================
[2025-12-07T13:28:09.338+0000] {manager.py:878} INFO - 
================================================================================
DAG File Processing Stats

File Path                                 PID    Runtime      # DAGs    # Errors  Last Runtime    Last Run
----------------------------------------  -----  ---------  --------  ----------  --------------  -------------------
/opt/airflow/dags/database_insert_dag.py                           1           0  0.29s           2025-12-07T13:27:57
================================================================================
[2025-12-07T13:29:06.821+0000] {manager.py:470} INFO - Processing files using up to 2 processes at a time 
[2025-12-07T13:29:06.822+0000] {manager.py:471} INFO - Process each file at most once every 30 seconds
[2025-12-07T13:29:06.823+0000] {manager.py:472} INFO - Checking for new files in /opt/airflow/dags every 300 seconds
[2025-12-07T13:29:06.823+0000] {manager.py:737} INFO - Searching for files in /opt/airflow/dags
[2025-12-07T13:29:06.837+0000] {manager.py:740} INFO - There are 1 files in /opt/airflow/dags
[2025-12-07T13:29:06.987+0000] {manager.py:878} INFO - 
================================================================================
DAG File Processing Stats

File Path                                   PID  Runtime      # DAGs    # Errors  Last Runtime    Last Run
----------------------------------------  -----  ---------  --------  ----------  --------------  ----------
/opt/airflow/dags/database_insert_dag.py    213  0.03s             0           0
================================================================================
[2025-12-07T13:29:37.097+0000] {manager.py:878} INFO - 
================================================================================
DAG File Processing Stats

File Path                                 PID    Runtime      # DAGs    # Errors  Last Runtime    Last Run
----------------------------------------  -----  ---------  --------  ----------  --------------  -------------------
/opt/airflow/dags/database_insert_dag.py                           1           0  1.09s           2025-12-07T13:29:08
================================================================================
[2025-12-07T13:30:07.239+0000] {manager.py:878} INFO - 
================================================================================
DAG File Processing Stats

File Path                                 PID    Runtime      # DAGs    # Errors  Last Runtime    Last Run
----------------------------------------  -----  ---------  --------  ----------  --------------  -------------------
/opt/airflow/dags/database_insert_dag.py                           1           0  0.32s           2025-12-07T13:29:38
================================================================================
[2025-12-07T13:30:37.619+0000] {manager.py:878} INFO - 
================================================================================
DAG File Processing Stats

File Path                                 PID    Runtime      # DAGs    # Errors  Last Runtime    Last Run
----------------------------------------  -----  ---------  --------  ----------  --------------  -------------------
/opt/airflow/dags/database_insert_dag.py                           1           0  0.29s           2025-12-07T13:30:08
================================================================================
[2025-12-07T13:31:08.013+0000] {manager.py:878} INFO - 
================================================================================
DAG File Processing Stats

File Path                                 PID    Runtime      # DAGs    # Errors  Last Runtime    Last Run
----------------------------------------  -----  ---------  --------  ----------  --------------  -------------------
/opt/airflow/dags/database_insert_dag.py                           1           0  0.30s           2025-12-07T13:30:39
================================================================================
[2025-12-07T13:31:38.408+0000] {manager.py:878} INFO - 
================================================================================
DAG File Processing Stats

File Path                                 PID    Runtime      # DAGs    # Errors  Last Runtime    Last Run
----------------------------------------  -----  ---------  --------  ----------  --------------  -------------------
/opt/airflow/dags/database_insert_dag.py                           1           0  0.39s           2025-12-07T13:31:09
================================================================================
[2025-12-07T13:32:08.547+0000] {manager.py:878} INFO - 
================================================================================
DAG File Processing Stats

File Path                                 PID    Runtime      # DAGs    # Errors  Last Runtime    Last Run
----------------------------------------  -----  ---------  --------  ----------  --------------  -------------------
/opt/airflow/dags/database_insert_dag.py                           0           1  0.27s           2025-12-07T13:31:56
================================================================================
[2025-12-07T13:32:38.928+0000] {manager.py:878} INFO - 
================================================================================
DAG File Processing Stats

File Path                                 PID    Runtime      # DAGs    # Errors  Last Runtime    Last Run
----------------------------------------  -----  ---------  --------  ----------  --------------  -------------------
/opt/airflow/dags/database_insert_dag.py                           0           1  0.26s           2025-12-07T13:32:22
================================================================================
[2025-12-07T13:33:09.056+0000] {manager.py:878} INFO - 
================================================================================
DAG File Processing Stats

File Path                                 PID    Runtime      # DAGs    # Errors  Last Runtime    Last Run
----------------------------------------  -----  ---------  --------  ----------  --------------  -------------------
/opt/airflow/dags/database_insert_dag.py                           0           1  0.25s           2025-12-07T13:32:53
================================================================================
[2025-12-07T13:33:39.378+0000] {manager.py:878} INFO - 
================================================================================
DAG File Processing Stats

File Path                                 PID    Runtime      # DAGs    # Errors  Last Runtime    Last Run
----------------------------------------  -----  ---------  --------  ----------  --------------  -------------------
/opt/airflow/dags/database_insert_dag.py                           0           1  0.28s           2025-12-07T13:33:23
================================================================================
[2025-12-07T13:34:06.985+0000] {manager.py:737} INFO - Searching for files in /opt/airflow/dags
[2025-12-07T13:34:07.000+0000] {manager.py:740} INFO - There are 1 files in /opt/airflow/dags
[2025-12-07T13:34:09.742+0000] {manager.py:878} INFO - 
================================================================================
DAG File Processing Stats

File Path                                 PID    Runtime      # DAGs    # Errors  Last Runtime    Last Run
----------------------------------------  -----  ---------  --------  ----------  --------------  -------------------
/opt/airflow/dags/database_insert_dag.py                           0           1  0.26s           2025-12-07T13:33:53
================================================================================
[2025-12-07T13:34:40.117+0000] {manager.py:878} INFO - 
================================================================================
DAG File Processing Stats

File Path                                 PID    Runtime      # DAGs    # Errors  Last Runtime    Last Run
----------------------------------------  -----  ---------  --------  ----------  --------------  -------------------
/opt/airflow/dags/database_insert_dag.py                           0           1  0.28s           2025-12-07T13:34:24
================================================================================
[2025-12-07T13:35:10.499+0000] {manager.py:878} INFO - 
================================================================================
DAG File Processing Stats

File Path                                 PID    Runtime      # DAGs    # Errors  Last Runtime    Last Run
----------------------------------------  -----  ---------  --------  ----------  --------------  -------------------
/opt/airflow/dags/database_insert_dag.py                           0           1  0.26s           2025-12-07T13:34:54
================================================================================
[2025-12-07T13:35:40.852+0000] {manager.py:878} INFO - 
================================================================================
DAG File Processing Stats

File Path                                 PID    Runtime      # DAGs    # Errors  Last Runtime    Last Run
----------------------------------------  -----  ---------  --------  ----------  --------------  -------------------
/opt/airflow/dags/database_insert_dag.py                           0           1  0.28s           2025-12-07T13:35:25
================================================================================
[2025-12-07T13:36:11.225+0000] {manager.py:878} INFO - 
================================================================================
DAG File Processing Stats

File Path                                 PID    Runtime      # DAGs    # Errors  Last Runtime    Last Run
----------------------------------------  -----  ---------  --------  ----------  --------------  -------------------
/opt/airflow/dags/database_insert_dag.py                           0           1  0.27s           2025-12-07T13:35:55
================================================================================
[2025-12-07T13:36:41.841+0000] {manager.py:878} INFO - 
================================================================================
DAG File Processing Stats

File Path                                   PID  Runtime      # DAGs    # Errors  Last Runtime    Last Run
----------------------------------------  -----  ---------  --------  ----------  --------------  -------------------
/opt/airflow/dags/database_insert_dag.py    361  0.00s             0           0  0.43s           2025-12-07T13:36:36
================================================================================
[2025-12-07T13:37:12.116+0000] {manager.py:878} INFO - 
================================================================================
DAG File Processing Stats

File Path                                 PID    Runtime      # DAGs    # Errors  Last Runtime    Last Run
----------------------------------------  -----  ---------  --------  ----------  --------------  -------------------
/opt/airflow/dags/database_insert_dag.py                           0           0  0.41s           2025-12-07T13:36:42
================================================================================
[2025-12-07T13:37:42.440+0000] {manager.py:878} INFO - 
================================================================================
DAG File Processing Stats

File Path                                 PID    Runtime      # DAGs    # Errors  Last Runtime    Last Run
----------------------------------------  -----  ---------  --------  ----------  --------------  -------------------
/opt/airflow/dags/database_insert_dag.py                           0           0  0.41s           2025-12-07T13:37:12
================================================================================
[2025-12-07T13:38:12.941+0000] {manager.py:878} INFO - 
================================================================================
DAG File Processing Stats

File Path                                 PID    Runtime      # DAGs    # Errors  Last Runtime    Last Run
----------------------------------------  -----  ---------  --------  ----------  --------------  -------------------
/opt/airflow/dags/database_insert_dag.py                           0           0  0.40s           2025-12-07T13:37:43
================================================================================
[2025-12-07T13:38:43.443+0000] {manager.py:878} INFO - 
================================================================================
DAG File Processing Stats

File Path                                 PID    Runtime      # DAGs    # Errors  Last Runtime    Last Run
----------------------------------------  -----  ---------  --------  ----------  --------------  -------------------
/opt/airflow/dags/database_insert_dag.py                           0           0  0.40s           2025-12-07T13:38:13
================================================================================
[2025-12-07T13:39:07.305+0000] {manager.py:737} INFO - Searching for files in /opt/airflow/dags
[2025-12-07T13:39:07.320+0000] {manager.py:740} INFO - There are 1 files in /opt/airflow/dags
[2025-12-07T13:39:13.940+0000] {manager.py:878} INFO - 
================================================================================
DAG File Processing Stats

File Path                                 PID    Runtime      # DAGs    # Errors  Last Runtime    Last Run
----------------------------------------  -----  ---------  --------  ----------  --------------  -------------------
/opt/airflow/dags/database_insert_dag.py                           0           0  0.39s           2025-12-07T13:38:44
================================================================================
[2025-12-07T13:39:44.867+0000] {manager.py:878} INFO - 
================================================================================
DAG File Processing Stats

File Path                                 PID    Runtime      # DAGs    # Errors  Last Runtime    Last Run
----------------------------------------  -----  ---------  --------  ----------  --------------  -------------------
/opt/airflow/dags/database_insert_dag.py                           0           0  0.41s           2025-12-07T13:39:22
================================================================================
[2025-12-07T13:40:15.464+0000] {manager.py:878} INFO - 
================================================================================
DAG File Processing Stats

File Path                                 PID    Runtime      # DAGs    # Errors  Last Runtime    Last Run
----------------------------------------  -----  ---------  --------  ----------  --------------  -------------------
/opt/airflow/dags/database_insert_dag.py                           0           0  0.38s           2025-12-07T13:39:59
================================================================================
[2025-12-07T13:40:45.972+0000] {manager.py:878} INFO - 
================================================================================
DAG File Processing Stats

File Path                                 PID    Runtime      # DAGs    # Errors  Last Runtime    Last Run
----------------------------------------  -----  ---------  --------  ----------  --------------  -------------------
/opt/airflow/dags/database_insert_dag.py                           0           0  0.39s           2025-12-07T13:40:31
================================================================================
[2025-12-07T13:41:16.434+0000] {manager.py:878} INFO - 
================================================================================
DAG File Processing Stats

File Path                                 PID    Runtime      # DAGs    # Errors  Last Runtime    Last Run
----------------------------------------  -----  ---------  --------  ----------  --------------  -------------------
/opt/airflow/dags/database_insert_dag.py                           0           0  0.40s           2025-12-07T13:41:01
================================================================================
[2025-12-07T13:41:46.933+0000] {manager.py:878} INFO - 
================================================================================
DAG File Processing Stats

File Path                                 PID    Runtime      # DAGs    # Errors  Last Runtime    Last Run
----------------------------------------  -----  ---------  --------  ----------  --------------  -------------------
/opt/airflow/dags/database_insert_dag.py                           0           0  0.40s           2025-12-07T13:41:32
================================================================================
[2025-12-07T13:42:17.432+0000] {manager.py:878} INFO - 
================================================================================
DAG File Processing Stats

File Path                                 PID    Runtime      # DAGs    # Errors  Last Runtime    Last Run
----------------------------------------  -----  ---------  --------  ----------  --------------  -------------------
/opt/airflow/dags/database_insert_dag.py                           0           0  0.39s           2025-12-07T13:42:02
================================================================================
[2025-12-07T13:42:47.915+0000] {manager.py:878} INFO - 
================================================================================
DAG File Processing Stats

File Path                                 PID    Runtime      # DAGs    # Errors  Last Runtime    Last Run
----------------------------------------  -----  ---------  --------  ----------  --------------  -------------------
/opt/airflow/dags/database_insert_dag.py                           0           0  0.38s           2025-12-07T13:42:33
================================================================================
[2025-12-07T13:43:18.392+0000] {manager.py:878} INFO - 
================================================================================
DAG File Processing Stats

File Path                                 PID    Runtime      # DAGs    # Errors  Last Runtime    Last Run
----------------------------------------  -----  ---------  --------  ----------  --------------  -------------------
/opt/airflow/dags/database_insert_dag.py                           0           0  0.39s           2025-12-07T13:43:03
================================================================================
[2025-12-07T13:43:48.881+0000] {manager.py:878} INFO - 
================================================================================
DAG File Processing Stats

File Path                                 PID    Runtime      # DAGs    # Errors  Last Runtime    Last Run
----------------------------------------  -----  ---------  --------  ----------  --------------  -------------------
/opt/airflow/dags/database_insert_dag.py                           0           0  0.40s           2025-12-07T13:43:34
================================================================================
[2025-12-07T13:44:07.344+0000] {manager.py:737} INFO - Searching for files in /opt/airflow/dags
[2025-12-07T13:44:07.358+0000] {manager.py:740} INFO - There are 1 files in /opt/airflow/dags
[2025-12-07T13:44:19.415+0000] {manager.py:878} INFO - 
================================================================================
DAG File Processing Stats

File Path                                 PID    Runtime      # DAGs    # Errors  Last Runtime    Last Run
----------------------------------------  -----  ---------  --------  ----------  --------------  -------------------
/opt/airflow/dags/database_insert_dag.py                           0           0  0.25s           2025-12-07T13:44:14
================================================================================
[2025-12-07T13:44:49.772+0000] {manager.py:878} INFO - 
================================================================================
DAG File Processing Stats

File Path                                 PID    Runtime      # DAGs    # Errors  Last Runtime    Last Run
----------------------------------------  -----  ---------  --------  ----------  --------------  -------------------
/opt/airflow/dags/database_insert_dag.py                           0           0  0.25s           2025-12-07T13:44:25
================================================================================
[2025-12-07T13:45:20.113+0000] {manager.py:878} INFO - 
================================================================================
DAG File Processing Stats

File Path                                 PID    Runtime      # DAGs    # Errors  Last Runtime    Last Run
----------------------------------------  -----  ---------  --------  ----------  --------------  -------------------
/opt/airflow/dags/database_insert_dag.py                           0           0  0.24s           2025-12-07T13:44:56
================================================================================
[2025-12-07T13:45:50.660+0000] {manager.py:878} INFO - 
================================================================================
DAG File Processing Stats

File Path                                 PID    Runtime      # DAGs    # Errors  Last Runtime    Last Run
----------------------------------------  -----  ---------  --------  ----------  --------------  -------------------
/opt/airflow/dags/database_insert_dag.py                           0           0  0.24s           2025-12-07T13:45:42
================================================================================
[2025-12-07T13:46:20.782+0000] {manager.py:878} INFO - 
================================================================================
DAG File Processing Stats

File Path                                 PID    Runtime      # DAGs    # Errors  Last Runtime    Last Run
----------------------------------------  -----  ---------  --------  ----------  --------------  -------------------
/opt/airflow/dags/database_insert_dag.py                           0           1  0.25s           2025-12-07T13:45:54
================================================================================
[2025-12-07T13:46:51.124+0000] {manager.py:878} INFO - 
================================================================================
DAG File Processing Stats

File Path                                 PID    Runtime      # DAGs    # Errors  Last Runtime    Last Run
----------------------------------------  -----  ---------  --------  ----------  --------------  -------------------
/opt/airflow/dags/database_insert_dag.py                           0           1  0.25s           2025-12-07T13:46:41
================================================================================
[2025-12-07T13:47:21.462+0000] {manager.py:878} INFO - 
================================================================================
DAG File Processing Stats

File Path                                 PID    Runtime      # DAGs    # Errors  Last Runtime    Last Run
----------------------------------------  -----  ---------  --------  ----------  --------------  -------------------
/opt/airflow/dags/database_insert_dag.py                           0           1  0.25s           2025-12-07T13:47:11
================================================================================
[2025-12-07T13:47:51.794+0000] {manager.py:878} INFO - 
================================================================================
DAG File Processing Stats

File Path                                 PID    Runtime      # DAGs    # Errors  Last Runtime    Last Run
----------------------------------------  -----  ---------  --------  ----------  --------------  -------------------
/opt/airflow/dags/database_insert_dag.py                           0           1  0.24s           2025-12-07T13:47:41
================================================================================
[2025-12-07T13:48:22.150+0000] {manager.py:878} INFO - 
================================================================================
DAG File Processing Stats

File Path                                   PID  Runtime      # DAGs    # Errors  Last Runtime    Last Run
----------------------------------------  -----  ---------  --------  ----------  --------------  -------------------
/opt/airflow/dags/database_insert_dag.py    535  0.00s             0           1  0.27s           2025-12-07T13:48:04
================================================================================
[2025-12-07T13:48:52.255+0000] {manager.py:878} INFO - 
================================================================================
DAG File Processing Stats

File Path                                 PID    Runtime      # DAGs    # Errors  Last Runtime    Last Run
----------------------------------------  -----  ---------  --------  ----------  --------------  -------------------
/opt/airflow/dags/database_insert_dag.py                           0           1  0.25s           2025-12-07T13:48:22
================================================================================
